0 info it worked if it ends with ok
1 verbose cli [ 'C:\\Program Files\\nodejs\\node.exe',
1 verbose cli   'C:\\Program Files\\nodejs\\node_modules\\npm\\bin\\npm-cli.js',
1 verbose cli   'run',
1 verbose cli   'dev' ]
2 info using npm@3.10.10
3 info using node@v6.9.4
4 verbose run-script [ 'predev', 'dev', 'postdev' ]
5 info lifecycle cms_project_27@1.0.0~predev: cms_project_27@1.0.0
6 silly lifecycle cms_project_27@1.0.0~predev: no script for predev, continuing
7 info lifecycle cms_project_27@1.0.0~dev: cms_project_27@1.0.0
8 verbose lifecycle cms_project_27@1.0.0~dev: unsafe-perm in lifecycle true
9 verbose lifecycle cms_project_27@1.0.0~dev: PATH: C:\Program Files\nodejs\node_modules\npm\bin\node-gyp-bin;D:\13-VueJS\04-days75-{项目实战}\05-cms\node_modules\.bin;C:\Ruby22-x64\bin;C:\Windows\system32;C:\Windows;C:\Windows\System32\Wbem;C:\Windows\System32\WindowsPowerShell\v1.0\;C:\Program Files\Git\cmd;C:\Program Files\nodejs\;;C:\Program Files (x86)\Microsoft VS Code\bin;C:\Users\Administrator\AppData\Roaming\npm
10 verbose lifecycle cms_project_27@1.0.0~dev: CWD: D:\13-VueJS\04-days75-{项目实战}\05-cms
11 silly lifecycle cms_project_27@1.0.0~dev: Args: [ '/d /s /c',
11 silly lifecycle   'webpack-dev-server --inline --hot --open --port 9747' ]
12 silly lifecycle cms_project_27@1.0.0~dev: Returned: code: 3221225786  signal: null
13 info lifecycle cms_project_27@1.0.0~dev: Failed to exec dev script
14 verbose stack Error: cms_project_27@1.0.0 dev: `webpack-dev-server --inline --hot --open --port 9747`
14 verbose stack Exit status 3221225786
14 verbose stack     at EventEmitter.<anonymous> (C:\Program Files\nodejs\node_modules\npm\lib\utils\lifecycle.js:255:16)
14 verbose stack     at emitTwo (events.js:106:13)
14 verbose stack     at EventEmitter.emit (events.js:191:7)
14 verbose stack     at ChildProcess.<anonymous> (C:\Program Files\nodejs\node_modules\npm\lib\utils\spawn.js:40:14)
14 verbose stack     at emitTwo (events.js:106:13)
14 verbose stack     at ChildProcess.emit (events.js:191:7)
14 verbose stack     at maybeClose (internal/child_process.js:877:16)
14 verbose stack     at Process.ChildProcess._handle.onexit (internal/child_process.js:226:5)
15 verbose pkgid cms_project_27@1.0.0
16 verbose cwd D:\13-VueJS\04-days75-{项目实战}\05-cms\dist
17 error Windows_NT 6.1.7601
18 error argv "C:\\Program Files\\nodejs\\node.exe" "C:\\Program Files\\nodejs\\node_modules\\npm\\bin\\npm-cli.js" "run" "dev"
19 error node v6.9.4
20 error npm  v3.10.10
21 error code ELIFECYCLE
22 error cms_project_27@1.0.0 dev: `webpack-dev-server --inline --hot --open --port 9747`
22 error Exit status 3221225786
23 error Failed at the cms_project_27@1.0.0 dev script 'webpack-dev-server --inline --hot --open --port 9747'.
23 error Make sure you have the latest version of node.js and npm installed.
23 error If you do, this is most likely a problem with the cms_project_27 package,
23 error not with npm itself.
23 error Tell the author that this fails on your system:
23 error     webpack-dev-server --inline --hot --open --port 9747
23 error You can get information on how to open an issue for this project with:
23 error     npm bugs cms_project_27
23 error Or if that isn't available, you can get their info via:
23 error     npm owner ls cms_project_27
23 error There is likely additional logging output above.
24 verbose exit [ 1, true ]
